0 info it worked if it ends with ok
1 verbose cli [ 'node', '/home/huynhvo/.nvm/v0.10.29/bin/npm', 'run', 'tsc:w' ]
2 info using npm@2.9.1
3 info using node@v0.10.29
4 verbose run-script [ 'pretsc:w', 'tsc:w', 'posttsc:w' ]
5 info pretsc:w angular2-student-management-app@1.0.0
6 info tsc:w angular2-student-management-app@1.0.0
7 verbose unsafe-perm in lifecycle true
8 info angular2-student-management-app@1.0.0 Failed to exec tsc:w script
9 verbose stack Error: angular2-student-management-app@1.0.0 tsc:w: `tsc -w`
9 verbose stack Exit status 1
9 verbose stack     at EventEmitter.<anonymous> (/home/huynhvo/.nvm/v0.10.29/lib/node_modules/npm/lib/utils/lifecycle.js:213:16)
9 verbose stack     at EventEmitter.emit (events.js:98:17)
9 verbose stack     at ChildProcess.<anonymous> (/home/huynhvo/.nvm/v0.10.29/lib/node_modules/npm/lib/utils/spawn.js:24:14)
9 verbose stack     at ChildProcess.emit (events.js:98:17)
9 verbose stack     at maybeClose (child_process.js:755:16)
9 verbose stack     at Process.ChildProcess._handle.onexit (child_process.js:822:5)
10 verbose pkgid angular2-student-management-app@1.0.0
11 verbose cwd /home/huynhvo/2016-training-javascript/angular-training/student-management
12 error Linux 3.13.0-77-generic
13 error argv "node" "/home/huynhvo/.nvm/v0.10.29/bin/npm" "run" "tsc:w"
14 error node v0.10.29
15 error npm  v2.9.1
16 error code ELIFECYCLE
17 error angular2-student-management-app@1.0.0 tsc:w: `tsc -w`
17 error Exit status 1
18 error Failed at the angular2-student-management-app@1.0.0 tsc:w script 'tsc -w'.
18 error This is most likely a problem with the angular2-student-management-app package,
18 error not with npm itself.
18 error Tell the author that this fails on your system:
18 error     tsc -w
18 error You can get their info via:
18 error     npm owner ls angular2-student-management-app
18 error There is likely additional logging output above.
19 verbose exit [ 1, true ]
